


ARM Macro Assembler    Page 1 


    1 00000000                 PRESERVE8
    2 00000000                 THUMB
    3 00000000                 AREA             appcode, CODE, READONLY
    4 00000000                 EXPORT           __main
    5 00000000                 ENTRY
    6 00000000         __main  FUNCTION
    7 00000000 F04F 010F       MOV              R1,#0xF     ; 1ST NUMBER A
    8 00000004 F04F 020A       MOV              R2,#0xA     ; 2ND NUMBER B
    9 00000008 F04F 5300       MOV              R3,#0x20000000
   10 0000000C         
   11 0000000C 4291    LOOP    CMP              R1,R2
   12 0000000E D006            BEQ              END
   13 00000010 DC02            BGT              IF
   14 00000012 EBA2 0201       SUB              R2,R2,R1
   15 00000016 E7F9            B                LOOP
   16 00000018 EBA1 0102 
                       IF      SUB              R1,R1,R2
   17 0000001C E7F6            B                LOOP
   18 0000001E 6019    END     STR              R1,[R3]     ; GCD OF A,B  
   19 00000020         
   20 00000020         
   21 00000020 E7FE    stop    B                stop        ; stop program
   22 00000022                 ENDFUNC
   23 00000022                 END
Command Line: --debug --xref --diag_suppress=9931 --cpu=Cortex-M4.fp --apcs=int
erwork --depend=.\objects\final.d -o.\objects\final.o -I"D:\IIITB ESD materials
\sem3_2017\ARM\6_gcd\RTE\_Target_1" -IC:\Keil_v5\ARM\PACK\ARM\CMSIS\5.0.0\CMSIS
\Include -IC:\Keil_v5\ARM\PACK\ARM\CMSIS\5.0.0\Device\ARM\ARMCM4\Include --pred
efine="__EVAL SETA 1" --predefine="__UVISION_VERSION SETA 522" --predefine="_RT
E_ SETA 1" --predefine="ARMCM4_FP SETA 1" --list=.\listings\final.lst final.s



ARM Macro Assembler    Page 1 Alphabetic symbol ordering
Relocatable symbols

END 0000001E

Symbol: END
   Definitions
      At line 18 in file final.s
   Uses
      At line 12 in file final.s
Comment: END used once
IF 00000018

Symbol: IF
   Definitions
      At line 16 in file final.s
   Uses
      At line 13 in file final.s
Comment: IF used once
LOOP 0000000C

Symbol: LOOP
   Definitions
      At line 11 in file final.s
   Uses
      At line 15 in file final.s
      At line 17 in file final.s

__main 00000000

Symbol: __main
   Definitions
      At line 6 in file final.s
   Uses
      At line 4 in file final.s
Comment: __main used once
appcode 00000000

Symbol: appcode
   Definitions
      At line 3 in file final.s
   Uses
      None
Comment: appcode unused
stop 00000020

Symbol: stop
   Definitions
      At line 21 in file final.s
   Uses
      At line 21 in file final.s
Comment: stop used once
6 symbols
341 symbols in table
