


ARM Macro Assembler    Page 1 


    1 00000000                 PRESERVE8
    2 00000000                 THUMB
    3 00000000                 AREA             appcode, CODE, READONLY
    4 00000000                 EXPORT           __main
    5 00000000                 ENTRY
    6 00000000         __main  FUNCTION
    7 00000000 F04F 5100       MOV              R1,#0x20000000 
                                                            ; INITIAL ADDRESS
    8 00000004 F04F 020A       MOV              R2,#10      ; SIZE OF THE SERIE
                                                            S
    9 00000008 F04F 0600       MOV              R6,#0
   10 0000000C F04F 0701       MOV              R7,#1
   11 00000010         
   12 00000010 600E            STR              R6,[R1]
   13 00000012 680B            LDR              R3,[R1]
   14 00000014 F1A2 0201       SUB              R2,R2,#1
   15 00000018         
   16 00000018 F101 0101       ADD              R1,R1,#1
   17 0000001C 600F            STR              R7,[R1]
   18 0000001E 680C            LDR              R4,[R1]
   19 00000020 F1A2 0201       SUB              R2,R2,#1
   20 00000024         
   21 00000024 F101 0101 
                       LOOP    ADD              R1,R1,#1
   22 00000028 EB03 0504       ADD              R5,R3,R4
   23 0000002C 600D            STR              R5,[R1]
   24 0000002E F1A2 0201       SUB              R2,R2,#1
   25 00000032 4623            MOV              R3,R4
   26 00000034 680C            LDR              R4,[R1]
   27 00000036 2A00            CMP              R2,#0
   28 00000038 D1F4            BNE              LOOP
   29 0000003A         
   30 0000003A         
   31 0000003A         
   32 0000003A E7FE    stop    B                stop        ; stop program
   33 0000003C                 ENDFUNC
   34 0000003C                 END
Command Line: --debug --xref --diag_suppress=9931 --cpu=Cortex-M4.fp --apcs=int
erwork --depend=.\objects\final.d -o.\objects\final.o -I"D:\IIITB ESD materials
\sem3_2017\ARM\1_Fibonacci\RTE\_Target_1" -IC:\Keil_v5\ARM\PACK\ARM\CMSIS\5.0.0
\CMSIS\Include -IC:\Keil_v5\ARM\PACK\ARM\CMSIS\5.0.0\Device\ARM\ARMCM4\Include 
--predefine="__EVAL SETA 1" --predefine="__UVISION_VERSION SETA 522" --predefin
e="_RTE_ SETA 1" --predefine="ARMCM4_FP SETA 1" --list=.\listings\final.lst fin
al.s



ARM Macro Assembler    Page 1 Alphabetic symbol ordering
Relocatable symbols

LOOP 00000024

Symbol: LOOP
   Definitions
      At line 21 in file final.s
   Uses
      At line 28 in file final.s
Comment: LOOP used once
__main 00000000

Symbol: __main
   Definitions
      At line 6 in file final.s
   Uses
      At line 4 in file final.s
Comment: __main used once
appcode 00000000

Symbol: appcode
   Definitions
      At line 3 in file final.s
   Uses
      None
Comment: appcode unused
stop 0000003A

Symbol: stop
   Definitions
      At line 32 in file final.s
   Uses
      At line 32 in file final.s
Comment: stop used once
4 symbols
339 symbols in table
