


ARM Macro Assembler    Page 1 


    1 00000000                 PRESERVE8
    2 00000000                 THUMB
    3 00000000                 AREA             appcode, CODE, READONLY
    4 00000000                 EXPORT           __main
    5 00000000                 ENTRY
    6 00000000         __main  FUNCTION
    7 00000000 F04F 5400       MOV              R4,#0x20000000 ; 
    8 00000004 F04F 0107       MOV              R1,#7       ; NUMBER
    9 00000008 F001 0201       AND              R2,R1,#1
   10 0000000C 2A00            CMP              R2,#0
   11 0000000E D002            BEQ              EVEN
   12 00000010 F04F 03FF       MOV              R3,#0xFF    ; IF ODD R3=0xFF
   13 00000014 E001            B                LAST
   14 00000016 F04F 03EE 
                       EVEN    MOV              R3,#0xEE    ; IF EVEN R3=0xEE
   15 0000001A 6023    LAST    STR              R3,[R4]
   16 0000001C         
   17 0000001C E7FE    stop    B                stop        ; stop program
   18 0000001E                 ENDFUNC
   19 0000001E                 END
Command Line: --debug --xref --diag_suppress=9931 --cpu=Cortex-M4.fp --apcs=int
erwork --depend=.\objects\final.d -o.\objects\final.o -I"D:\IIITB ESD materials
\sem3_2017\ARM\3_odd_or_even\RTE\_Target_1" -IC:\Keil_v5\ARM\PACK\ARM\CMSIS\5.0
.0\CMSIS\Include -IC:\Keil_v5\ARM\PACK\ARM\CMSIS\5.0.0\Device\ARM\ARMCM4\Includ
e --predefine="__EVAL SETA 1" --predefine="__UVISION_VERSION SETA 522" --predef
ine="_RTE_ SETA 1" --predefine="ARMCM4_FP SETA 1" --list=.\listings\final.lst f
inal.s



ARM Macro Assembler    Page 1 Alphabetic symbol ordering
Relocatable symbols

EVEN 00000016

Symbol: EVEN
   Definitions
      At line 14 in file final.s
   Uses
      At line 11 in file final.s
Comment: EVEN used once
LAST 0000001A

Symbol: LAST
   Definitions
      At line 15 in file final.s
   Uses
      At line 13 in file final.s
Comment: LAST used once
__main 00000000

Symbol: __main
   Definitions
      At line 6 in file final.s
   Uses
      At line 4 in file final.s
Comment: __main used once
appcode 00000000

Symbol: appcode
   Definitions
      At line 3 in file final.s
   Uses
      None
Comment: appcode unused
stop 0000001C

Symbol: stop
   Definitions
      At line 17 in file final.s
   Uses
      At line 17 in file final.s
Comment: stop used once
5 symbols
340 symbols in table
