


ARM Macro Assembler    Page 1 


    1 00000000                 PRESERVE8
    2 00000000                 THUMB
    3 00000000                 AREA             appcode, CODE, READONLY
    4 00000000                 EXPORT           __main
    5 00000000                 ENTRY
    6 00000000         __main  FUNCTION
    7 00000000 F04F 5500       MOV              R5,#0x20000000
    8 00000004 F04F 0108       MOV              R1,#8       ; 1ST NUMBER A 
    9 00000008 F04F 0204       MOV              R2,#4       ; 2ND NUMBER B
   10 0000000C F04F 0306       MOV              R3,#6       ; 3RD NUMBER C
   11 00000010         
   12 00000010 4291            CMP              R1,R2
   13 00000012 DA05            BGE              AGB
   14 00000014 429A            CMP              R2,R3
   15 00000016 DA01            BGE              BGC
   16 00000018 461C            MOV              R4,R3       ; R4 LARGEST NUMBER
                                                            
   17 0000001A E007            B                FINAL
   18 0000001C 4614    BGC     MOV              R4,R2
   19 0000001E E005            B                FINAL
   20 00000020 4299    AGB     CMP              R1,R3
   21 00000022 DA01            BGE              AGC
   22 00000024 461C            MOV              R4,R3
   23 00000026 E001            B                FINAL
   24 00000028 460C    AGC     MOV              R4,R1
   25 0000002A E7FF            B                FINAL
   26 0000002C 602C    FINAL   STR              R4,[R5]
   27 0000002E         
   28 0000002E         
   29 0000002E E7FE    stop    B                stop        ; stop program
   30 00000030                 ENDFUNC
   31 00000030                 END
Command Line: --debug --xref --diag_suppress=9931 --cpu=Cortex-M4.fp --apcs=int
erwork --depend=.\objects\final.d -o.\objects\final.o -I"D:\IIITB ESD materials
\sem3_2017\ARM\2_largest_of3\RTE\_Target_1" -IC:\Keil_v5\ARM\PACK\ARM\CMSIS\5.0
.0\CMSIS\Include -IC:\Keil_v5\ARM\PACK\ARM\CMSIS\5.0.0\Device\ARM\ARMCM4\Includ
e --predefine="__EVAL SETA 1" --predefine="__UVISION_VERSION SETA 522" --predef
ine="_RTE_ SETA 1" --predefine="ARMCM4_FP SETA 1" --list=.\listings\final.lst f
inal.s



ARM Macro Assembler    Page 1 Alphabetic symbol ordering
Relocatable symbols

AGB 00000020

Symbol: AGB
   Definitions
      At line 20 in file final.s
   Uses
      At line 13 in file final.s
Comment: AGB used once
AGC 00000028

Symbol: AGC
   Definitions
      At line 24 in file final.s
   Uses
      At line 21 in file final.s
Comment: AGC used once
BGC 0000001C

Symbol: BGC
   Definitions
      At line 18 in file final.s
   Uses
      At line 15 in file final.s
Comment: BGC used once
FINAL 0000002C

Symbol: FINAL
   Definitions
      At line 26 in file final.s
   Uses
      At line 17 in file final.s
      At line 19 in file final.s
      At line 23 in file final.s
      At line 25 in file final.s

__main 00000000

Symbol: __main
   Definitions
      At line 6 in file final.s
   Uses
      At line 4 in file final.s
Comment: __main used once
appcode 00000000

Symbol: appcode
   Definitions
      At line 3 in file final.s
   Uses
      None
Comment: appcode unused
stop 0000002E

Symbol: stop
   Definitions
      At line 29 in file final.s
   Uses
      At line 29 in file final.s
Comment: stop used once



ARM Macro Assembler    Page 2 Alphabetic symbol ordering
Relocatable symbols

7 symbols
342 symbols in table
